[  0%] Built target kobuki_ros_interfaces__cpp
[ 12%] Built target kobuki_ros_interfaces__rosidl_generator_c
[ 12%] Built target ament_cmake_python_copy_kobuki_ros_interfaces
[ 24%] Built target kobuki_ros_interfaces__rosidl_typesupport_introspection_cpp
[ 36%] Built target kobuki_ros_interfaces__rosidl_typesupport_cpp
[ 48%] Built target kobuki_ros_interfaces__rosidl_typesupport_c
[ 60%] Built target kobuki_ros_interfaces__rosidl_typesupport_fastrtps_cpp
[ 72%] Built target kobuki_ros_interfaces__rosidl_typesupport_introspection_c
[ 84%] Built target kobuki_ros_interfaces__rosidl_typesupport_fastrtps_c
[ 84%] Built target kobuki_ros_interfaces
[ 85%] Built target kobuki_ros_interfaces__py
[ 85%] [32mBuilding C object CMakeFiles/kobuki_ros_interfaces__rosidl_generator_py.dir/rosidl_generator_py/kobuki_ros_interfaces/msg/_bumper_event_s.c.o[0m
[ 85%] [32mBuilding C object CMakeFiles/kobuki_ros_interfaces__rosidl_generator_py.dir/rosidl_generator_py/kobuki_ros_interfaces/msg/_digital_output_s.c.o[0m
[ 86%] [32mBuilding C object CMakeFiles/kobuki_ros_interfaces__rosidl_generator_py.dir/rosidl_generator_py/kobuki_ros_interfaces/msg/_cliff_event_s.c.o[0m
[ 87%] [32mBuilding C object CMakeFiles/kobuki_ros_interfaces__rosidl_generator_py.dir/rosidl_generator_py/kobuki_ros_interfaces/msg/_external_power_s.c.o[0m
[ 87%] [32mBuilding C object CMakeFiles/kobuki_ros_interfaces__rosidl_generator_py.dir/rosidl_generator_py/kobuki_ros_interfaces/msg/_power_system_event_s.c.o[0m
[ 88%] [32mBuilding C object CMakeFiles/kobuki_ros_interfaces__rosidl_generator_py.dir/rosidl_generator_py/kobuki_ros_interfaces/msg/_led_s.c.o[0m
[ 89%] [32mBuilding C object CMakeFiles/kobuki_ros_interfaces__rosidl_generator_py.dir/rosidl_generator_py/kobuki_ros_interfaces/msg/_sensor_state_s.c.o[0m
[01m[K/home/eth/ros2_ws/build/kobuki_ros_interfaces/rosidl_generator_py/kobuki_ros_interfaces/msg/_cliff_event_s.c:11:10:[m[K [01;31m[Kfatal error: [m[Knumpy/ndarrayobject.h: No such file or directory
   11 | #include [01;31m[K"numpy/ndarrayobject.h"[m[K
      |          [01;31m[K^~~~~~~~~~~~~~~~~~~~~~~[m[K
compilation terminated.
gmake[2]: *** [CMakeFiles/kobuki_ros_interfaces__rosidl_generator_py.dir/build.make:90: CMakeFiles/kobuki_ros_interfaces__rosidl_generator_py.dir/rosidl_generator_py/kobuki_ros_interfaces/msg/_cliff_event_s.c.o] Error 1
gmake[2]: *** Waiting for unfinished jobs....
[01m[K/home/eth/ros2_ws/build/kobuki_ros_interfaces/rosidl_generator_py/kobuki_ros_interfaces/msg/_digital_output_s.c:11:10:[m[K [01;31m[Kfatal error: [m[Knumpy/ndarrayobject.h: No such file or directory
   11 | #include [01;31m[K"numpy/ndarrayobject.h"[m[K
      |          [01;31m[K^~~~~~~~~~~~~~~~~~~~~~~[m[K
compilation terminated.
gmake[2]: *** [CMakeFiles/kobuki_ros_interfaces__rosidl_generator_py.dir/build.make:104: CMakeFiles/kobuki_ros_interfaces__rosidl_generator_py.dir/rosidl_generator_py/kobuki_ros_interfaces/msg/_digital_output_s.c.o] Error 1
[01m[K/home/eth/ros2_ws/build/kobuki_ros_interfaces/rosidl_generator_py/kobuki_ros_interfaces/msg/_bumper_event_s.c:11:10:[m[K [01;31m[Kfatal error: [m[Knumpy/ndarrayobject.h: No such file or directory
   11 | #include [01;31m[K"numpy/ndarrayobject.h"[m[K
      |          [01;31m[K^~~~~~~~~~~~~~~~~~~~~~~[m[K
compilation terminated.
gmake[2]: *** [CMakeFiles/kobuki_ros_interfaces__rosidl_generator_py.dir/build.make:76: CMakeFiles/kobuki_ros_interfaces__rosidl_generator_py.dir/rosidl_generator_py/kobuki_ros_interfaces/msg/_bumper_event_s.c.o] Error 1
[01m[K/home/eth/ros2_ws/build/kobuki_ros_interfaces/rosidl_generator_py/kobuki_ros_interfaces/msg/_sensor_state_s.c:11:10:[m[K [01;31m[Kfatal error: [m[Knumpy/ndarrayobject.h: No such file or directory
   11 | #include [01;31m[K"numpy/ndarrayobject.h"[m[K
      |          [01;31m[K^~~~~~~~~~~~~~~~~~~~~~~[m[K
compilation terminated.
gmake[2]: *** [CMakeFiles/kobuki_ros_interfaces__rosidl_generator_py.dir/build.make:160: CMakeFiles/kobuki_ros_interfaces__rosidl_generator_py.dir/rosidl_generator_py/kobuki_ros_interfaces/msg/_sensor_state_s.c.o] Error 1
[01m[K/home/eth/ros2_ws/build/kobuki_ros_interfaces/rosidl_generator_py/kobuki_ros_interfaces/msg/_external_power_s.c:11:10:[m[K [01;31m[Kfatal error: [m[Knumpy/ndarrayobject.h: No such file or directory
   11 | #include [01;31m[K"numpy/ndarrayobject.h"[m[K
      |          [01;31m[K^~~~~~~~~~~~~~~~~~~~~~~[m[K
compilation terminated.
[01m[K/home/eth/ros2_ws/build/kobuki_ros_interfaces/rosidl_generator_py/kobuki_ros_interfaces/msg/_power_system_event_s.c:11:10:[m[K [01;31m[Kfatal error: [m[Knumpy/ndarrayobject.h: No such file or directory
   11 | #include [01;31m[K"numpy/ndarrayobject.h"[m[K
      |          [01;31m[K^~~~~~~~~~~~~~~~~~~~~~~[m[K
compilation terminated.
gmake[2]: *** [CMakeFiles/kobuki_ros_interfaces__rosidl_generator_py.dir/build.make:118: CMakeFiles/kobuki_ros_interfaces__rosidl_generator_py.dir/rosidl_generator_py/kobuki_ros_interfaces/msg/_external_power_s.c.o] Error 1
gmake[2]: *** [CMakeFiles/kobuki_ros_interfaces__rosidl_generator_py.dir/build.make:146: CMakeFiles/kobuki_ros_interfaces__rosidl_generator_py.dir/rosidl_generator_py/kobuki_ros_interfaces/msg/_power_system_event_s.c.o] Error 1
[01m[K/home/eth/ros2_ws/build/kobuki_ros_interfaces/rosidl_generator_py/kobuki_ros_interfaces/msg/_led_s.c:11:10:[m[K [01;31m[Kfatal error: [m[Knumpy/ndarrayobject.h: No such file or directory
   11 | #include [01;31m[K"numpy/ndarrayobject.h"[m[K
      |          [01;31m[K^~~~~~~~~~~~~~~~~~~~~~~[m[K
compilation terminated.
gmake[2]: *** [CMakeFiles/kobuki_ros_interfaces__rosidl_generator_py.dir/build.make:132: CMakeFiles/kobuki_ros_interfaces__rosidl_generator_py.dir/rosidl_generator_py/kobuki_ros_interfaces/msg/_led_s.c.o] Error 1
gmake[1]: *** [CMakeFiles/Makefile2:475: CMakeFiles/kobuki_ros_interfaces__rosidl_generator_py.dir/all] Error 2
gmake[1]: *** Waiting for unfinished jobs....
running egg_info
writing kobuki_ros_interfaces.egg-info/PKG-INFO
writing dependency_links to kobuki_ros_interfaces.egg-info/dependency_links.txt
writing top-level names to kobuki_ros_interfaces.egg-info/top_level.txt
reading manifest file 'kobuki_ros_interfaces.egg-info/SOURCES.txt'
writing manifest file 'kobuki_ros_interfaces.egg-info/SOURCES.txt'
[ 89%] Built target ament_cmake_python_build_kobuki_ros_interfaces_egg
gmake: *** [Makefile:146: all] Error 2
